<?xml version="1.0" encoding="UTF-8"?>
<!-- Generated by org.testng.reporters.JUnitReportReporter -->
<testsuite skipped="0" hostname="asda1712po02529" name="Tests.tatoc.advanced.Test2" tests="4" failures="0" timestamp="26 Jul 2017 14:11:43 GMT" time="9.228" errors="0">
  <testcase name="TestA_check_the_database" time="2.771" classname="Tests.tatoc.advanced.Test2"/>
  <testcase name="TestA_check_file_handle" time="4.328" classname="Tests.tatoc.advanced.Test2"/>
  <testcase name="TestA_on_hover_menu" time="1.322" classname="Tests.tatoc.advanced.Test2"/>
  <testcase name="TestA_check_after_vedio_playback" time="0.807" classname="Tests.tatoc.advanced.Test2"/>
</testsuite> <!-- Tests.tatoc.advanced.Test2 -->
