<?xml version="1.0" encoding="UTF-8"?>
<!-- Generated by org.testng.reporters.JUnitReportReporter -->
<testsuite skipped="0" hostname="asda1712po02529" name="Tests.tatoc.advanced.Test2" tests="4" failures="0" timestamp="26 Jul 2017 12:59:22 GMT" time="7.605" errors="0">
  <testcase name="TestA_check_the_database" time="1.241" classname="Tests.tatoc.advanced.Test2"/>
  <testcase name="TestA_check_after_vedio_playback" time="0.810" classname="Tests.tatoc.advanced.Test2"/>
  <testcase name="TestA_check_file_handle" time="4.308" classname="Tests.tatoc.advanced.Test2"/>
  <testcase name="TestA_on_hover_menu" time="1.246" classname="Tests.tatoc.advanced.Test2"/>
</testsuite> <!-- Tests.tatoc.advanced.Test2 -->
