<?xml version="1.0" encoding="UTF-8"?>
<!-- Generated by org.testng.reporters.JUnitReportReporter -->
<testsuite skipped="0" hostname="asda1712po02529" name="Tests.tatoc.basic.Test1" tests="7" failures="0" timestamp="27 Jul 2017 11:46:00 GMT" time="9.599" errors="0">
  <testcase name="TestF_test_the_form_filling" time="0.575" classname="Tests.tatoc.basic.Test1"/>
  <testcase name="TestC_test_matching_for_the_two_colour_boxes" time="1.753" classname="Tests.tatoc.basic.Test1"/>
  <testcase name="TestD_test_the_wrong_drop_of_element" time="0.316" classname="Tests.tatoc.basic.Test1"/>
  <testcase name="TestB_test_the_red_box_function" time="3.014" classname="Tests.tatoc.basic.Test1"/>
  <testcase name="TestA_test_the_green_box_function" time="3.241" classname="Tests.tatoc.basic.Test1"/>
  <testcase name="TestG_test_the_token_getting_cookie_setting" time="0.437" classname="Tests.tatoc.basic.Test1"/>
  <testcase name="TestE_check_the_drag_and_drop_function" time="0.263" classname="Tests.tatoc.basic.Test1"/>
</testsuite> <!-- Tests.tatoc.basic.Test1 -->
