<?xml version="1.0" encoding="UTF-8"?>
<!-- Generated by org.testng.reporters.JUnitReportReporter -->
<testsuite skipped="0" hostname="asda1712po02529" name="Tests.tatoc.basic.Test1" tests="7" failures="0" timestamp="26 Jul 2017 14:11:43 GMT" time="11.163" errors="0">
  <testcase name="TestB_test_the_red_box_function" time="2.990" classname="Tests.tatoc.basic.Test1"/>
  <testcase name="TestC_test_matching_for_the_two_colour_boxes" time="2.918" classname="Tests.tatoc.basic.Test1"/>
  <testcase name="TestG_test_the_token_getting_cookie_setting" time="0.409" classname="Tests.tatoc.basic.Test1"/>
  <testcase name="TestF_test_the_form_filling" time="0.597" classname="Tests.tatoc.basic.Test1"/>
  <testcase name="TestD_test_the_wrong_drop_of_element" time="0.393" classname="Tests.tatoc.basic.Test1"/>
  <testcase name="TestE_check_the_drag_and_drop_function" time="0.337" classname="Tests.tatoc.basic.Test1"/>
  <testcase name="TestA_test_the_green_box_function" time="3.519" classname="Tests.tatoc.basic.Test1"/>
</testsuite> <!-- Tests.tatoc.basic.Test1 -->
